----------------------------------------------------------------------------------------------------
------------------------------------ MegaLinter, by OX Security ------------------------------------
----------------------------------------------------------------------------------------------------
 - Image Creation Date: 2024-11-23T10:46:00Z
 - Image Revision: 1fc052d03c7a43c78fe0fee19c9d648b749e0c01
 - Image Version: v8.3.0
----------------------------------------------------------------------------------------------------
The MegaLinter documentation can be found at:
 - https://megalinter.io/8.3.0
----------------------------------------------------------------------------------------------------
::group::MegaLinter initialization (expand for details)
MegaLinter will analyze workspace [/github/workspace]
GITHUB_REPOSITORY: ShaneMcGovern/shanemcgovern.github.io
GITHUB_REF: refs/pull/1/merge
GITHUB_RUN_ID: 12821183024


[Activation] ANSIBLE_ANSIBLE_LINT has been set inactive, as none of these files has been found: ['.ansible-lint']
[Activation] EDITORCONFIG_EDITORCONFIG_CHECKER has been set inactive, as none of these files has been found: ['.editorconfig']
[Activation] JAVASCRIPT_ES has been set inactive, as none of these files has been found: ['.eslintrc.json', '.eslintrc.yml', '.eslintrc.yaml', '.eslintrc.js', '.eslintrc.cjs', 'package.json:eslintConfig']
[Activation] JSON_NPM_PACKAGE_JSON_LINT has been set inactive, as none of these files has been found: ['package.json']
[Activation] JSX_ESLINT has been set inactive, as none of these files has been found: ['eslint.config.js', 'eslint.config.mjs', 'eslint.config.cjs', '.eslintrc.json', '.eslintrc.yml', '.eslintrc.yaml', '.eslintrc.js', '.eslintrc.cjs', 'package.json:eslintConfig']
[Activation] KUBERNETES_KUBECONFORM has been set inactive, as subdirectory has not been found: kubernetes (set value "any" to always activate)
[Activation] KUBERNETES_HELM has been set inactive, as none of these files has been found: ['Chart.yml', 'Chart.yaml']
[Activation] KUBERNETES_KUBESCAPE has been set inactive, as none of these files has been found: ['Chart.yml', 'Chart.yaml']
[Activation] REPOSITORY_LS_LINT has been set inactive, as none of these files has been found: ['.ls-lint.yml']
[SemgrepLinter] Deactivated because no ruleset has been defined
[Activation] SALESFORCE_SFDX_SCANNER_APEX has been set inactive, as subdirectory has not been found: force-app (set value "any" to always activate)
[Activation] SALESFORCE_SFDX_SCANNER_AURA has been set inactive, as subdirectory has not been found: force-app (set value "any" to always activate)
[Activation] SALESFORCE_SFDX_SCANNER_LWC has been set inactive, as subdirectory has not been found: force-app (set value "any" to always activate)
[Activation] SALESFORCE_LIGHTNING_FLOW_SCANNER has been set inactive, as subdirectory has not been found: force-app (set value "any" to always activate)
[Activation] SPELL_PROSELINT has been set inactive, as none of these files has been found: ['.proselintrc', 'proselint/config.json']
[Activation] SPELL_VALE has been set inactive, as none of these files has been found: ['.vale.ini']
[Activation] SQL_SQLFLUFF has been set inactive, as none of these files has been found: ['.sqlfluff']
[Activation] SWIFT_SWIFTLINT has been set inactive, as none of these files has been found: ['.swiftlint.yml']
[Activation] TSX_ESLINT has been set inactive, as none of these files has been found: ['.eslintrc.json', '.eslintrc.yml', '.eslintrc.yaml', '.eslintrc.js', '.eslintrc.cjs', 'package.json:eslintConfig']
[Activation] TYPESCRIPT_ES has been set inactive, as none of these files has been found: ['.eslintrc.json', '.eslintrc.yml', '.eslintrc.yaml', '.eslintrc.js', '.eslintrc.cjs', 'package.json:eslintConfig']
CLOJURE_CLJSTYLE has been disabled in MegaLinter for the following reason: Bug on cljstyle on alpine linux: https://github.com/greglook/cljstyle/issues/104
JSON_ESLINT_PLUGIN_JSONC has been disabled in MegaLinter for the following reason: Bug in eslint-plugin-jsonc : https://github.com/ota-meshi/eslint-plugin-jsonc/issues/328
MAKEFILE_CHECKMAKE has been disabled in MegaLinter for the following reason: Security issues: https://github.com/mrtazz/checkmake/issues/99
MARKDOWN_REMARK_LINT has been disabled in MegaLinter for the following reason: Bug in remark-lint: https://github.com/remarkjs/remark-lint/issues/322
Skipped linters: ANSIBLE_ANSIBLE_LINT, CLOJURE_CLJSTYLE, EDITORCONFIG_EDITORCONFIG_CHECKER, JAVASCRIPT_ES, JAVASCRIPT_PRETTIER, JSON_ESLINT_PLUGIN_JSONC, JSON_NPM_PACKAGE_JSON_LINT, JSX_ESLINT, KUBERNETES_HELM, KUBERNETES_KUBECONFORM, KUBERNETES_KUBESCAPE, MAKEFILE_CHECKMAKE, MARKDOWN_REMARK_LINT, REPOSITORY_LS_LINT, REPOSITORY_SEMGREP, SALESFORCE_LIGHTNING_FLOW_SCANNER, SALESFORCE_SFDX_SCANNER_APEX, SALESFORCE_SFDX_SCANNER_AURA, SALESFORCE_SFDX_SCANNER_LWC, SPELL_PROSELINT, SPELL_VALE, SQL_SQLFLUFF, SWIFT_SWIFTLINT, TSX_ESLINT, TYPESCRIPT_ES, TYPESCRIPT_PRETTIER
[ApiReporter] Not enabled as API_REPORTER is not defined to true
To receive reports as email, please set variable EMAIL_REPORTER_EMAIL
::endgroup::
::group::MegaLinter now collects the files to analyse (expand for details)
Listing updated files in [/github/workspace] using git diff.
Modified files:
.github/CODEOWNERS
.github/workflows/jekyll-gh-pages.yml
.github/workflows/linters/trufflehog/exclude-paths.txt
.github/workflows/mega-linter.yml
.gitignore
README.md
_config.yml
cspell.json
index.md
megalinter-reports/IDE-config.txt
megalinter-reports/IDE-config/.checkov.yml
megalinter-reports/IDE-config/.devskim.json
megalinter-reports/IDE-config/.gitleaks.toml
megalinter-reports/IDE-config/.grype.yaml
megalinter-reports/IDE-config/.idea/externalDependencies.xml
megalinter-reports/IDE-config/.jscpd.json
megalinter-reports/IDE-config/.markdown-link-check.json
megalinter-reports/IDE-config/.markdownlint.json
megalinter-reports/IDE-config/.secretlintrc.json
megalinter-reports/IDE-config/.vscode/extensions.json
megalinter-reports/IDE-config/.yamllint.yml
megalinter-reports/linters_logs/SUCCESS-ACTION_ACTIONLINT.log
megalinter-reports/linters_logs/SUCCESS-COPYPASTE_JSCPD.log
megalinter-reports/linters_logs/SUCCESS-JSON_JSONLINT.log
megalinter-reports/linters_logs/SUCCESS-JSON_PRETTIER.log
megalinter-reports/linters_logs/SUCCESS-JSON_V8R.log
megalinter-reports/linters_logs/SUCCESS-MARKDOWN_MARKDOWNLINT.log
megalinter-reports/linters_logs/SUCCESS-MARKDOWN_MARKDOWN_LINK_CHECK.log
megalinter-reports/linters_logs/SUCCESS-MARKDOWN_MARKDOWN_TABLE_FORMATTER.log
megalinter-reports/linters_logs/SUCCESS-REPOSITORY_CHECKOV.log
megalinter-reports/linters_logs/SUCCESS-REPOSITORY_DEVSKIM.log
megalinter-reports/linters_logs/SUCCESS-REPOSITORY_DUSTILOCK.log
megalinter-reports/linters_logs/SUCCESS-REPOSITORY_GITLEAKS.log
megalinter-reports/linters_logs/SUCCESS-REPOSITORY_GIT_DIFF.log
megalinter-reports/linters_logs/SUCCESS-REPOSITORY_GRYPE.log
megalinter-reports/linters_logs/SUCCESS-REPOSITORY_KICS.log
megalinter-reports/linters_logs/SUCCESS-REPOSITORY_SECRETLINT.log
megalinter-reports/linters_logs/SUCCESS-REPOSITORY_SYFT.log
megalinter-reports/linters_logs/SUCCESS-REPOSITORY_TRIVY.log
megalinter-reports/linters_logs/SUCCESS-REPOSITORY_TRIVY_SBOM.log
megalinter-reports/linters_logs/SUCCESS-REPOSITORY_TRUFFLEHOG.log
megalinter-reports/linters_logs/SUCCESS-SPELL_CSPELL.log
megalinter-reports/linters_logs/SUCCESS-SPELL_LYCHEE.log
megalinter-reports/linters_logs/SUCCESS-XML_XMLLINT.log
megalinter-reports/linters_logs/SUCCESS-YAML_PRETTIER.log
megalinter-reports/linters_logs/SUCCESS-YAML_V8R.log
megalinter-reports/linters_logs/SUCCESS-YAML_YAMLLINT.log
megalinter-reports/megalinter.log
megalinter-reports/updated_sources/.github/workflows/mega-linter.yml
megalinter-reports/updated_sources/_config.yml
megalinter-reports/updated_sources/cspell.json
megalinter-reports/updated_sources/megalinter-reports/IDE-config/.checkov.yml
megalinter-reports/updated_sources/megalinter-reports/IDE-config/.grype.yaml
megalinter-reports/updated_sources/megalinter-reports/IDE-config/.jscpd.json
megalinter-reports/updated_sources/megalinter-reports/IDE-config/.markdown-link-check.json
megalinter-reports/updated_sources/megalinter-reports/IDE-config/.secretlintrc.json
megalinter-reports/updated_sources/megalinter-reports/IDE-config/.vscode/extensions.json
megalinter-reports/updated_sources/megalinter-reports/megalinter.log
- File extensions: , .R, .RMD, .Rmd, .bash, .bicep, .c, .c++, .cc, .cdxml, .clj, .cljc, .cljs, .coffee, .cpp, .cs, .csproj, .css, .cu, .cuh, .cxx, .dart, .dash, .edn, .env, .feature, .go, .gradle, .graphql, .groovy, .gvy, .h, .h++, .hcl, .hh, .hpp, .htm, .html, .hxx, .java, .js, .json, .json5, .jsonc, .ksh, .kt, .kts, .lua, .markdown, .md, .mdx, .nf, .p6, .php, .pl, .pl6, .pm, .pm6, .pp, .proto, .ps1, .ps1xml, .psd1, .psm1, .psrc, .pssc, .py, .r, .raku, .rakumod, .rakutest, .rb, .rs, .rst, .saas, .scala, .scss, .sh, .smk, .sql, .t, .tex, .tf, .ts, .txt, .vb, .xml, .xsd, .yaml, .yml
- File names (regex): Containerfile, Dockerfile, Jenkinsfile, Snakefile
- Excluding .gitignored files [0]: 
Kept [29] files on [58] found files

+----MATCHING LINTERS-------------------+------------------------------------------------------------------------+----------------+------------+
| Descriptor | Linter                   | Criteria                                                               | Matching files | Format/Fix |
+------------+--------------------------+------------------------------------------------------------------------+----------------+------------+
| ACTION     | actionlint               | .yml|.yaml                                                             | 2              | yes        |
| COPYPASTE  | jscpd                    |                                                                        | project        | yes        |
| JSON       | jsonlint                 | .json                                                                  | 12             | yes        |
| JSON       | v8r                      | .json                                                                  | 12             | yes        |
| JSON       | prettier                 | .json                                                                  | 12             | yes        |
| MARKDOWN   | markdownlint             | .md                                                                    | 2              | yes        |
| MARKDOWN   | markdown-link-check      | .md                                                                    | 2              | yes        |
| MARKDOWN   | markdown-table-formatter | .md                                                                    | 2              | yes        |
| REPOSITORY | checkov                  |                                                                        | project        | yes        |
| REPOSITORY | devskim                  |                                                                        | project        | yes        |
| REPOSITORY | dustilock                |                                                                        | project        | yes        |
| REPOSITORY | git_diff                 |                                                                        | project        | yes        |
| REPOSITORY | gitleaks                 |                                                                        | project        | yes        |
| REPOSITORY | grype                    |                                                                        | project        | yes        |
| REPOSITORY | kics                     |                                                                        | project        | yes        |
| REPOSITORY | secretlint               |                                                                        | project        | yes        |
| REPOSITORY | syft                     |                                                                        | project        | yes        |
| REPOSITORY | trivy                    |                                                                        | project        | yes        |
| REPOSITORY | trivy-sbom               |                                                                        | project        | yes        |
| REPOSITORY | trufflehog               |                                                                        | project        | yes        |
| SPELL      | cspell                   |                                                                        | 29             | yes        |
| SPELL      | lychee                   | .md|.mdx|.markdown|.html|.htm|.rst|.txt|.json|.jsonc|.json5|.yaml|.yml | 26             | yes        |
| XML        | xmllint                  | .xml|.xsd                                                              | 1              | yes        |
| YAML       | prettier                 | .yml|.yaml                                                             | 10             | yes        |
| YAML       | yamllint                 | .yml|.yaml                                                             | 10             | yes        |
| YAML       | v8r                      | .yml|.yaml                                                             | 10             | yes        |
+------------+--------------------------+------------------------------------------------------------------------+----------------+------------+
::endgroup::
Processing linters on [4] parallel cores… (can be decreased with variable PARALLEL_PROCESS_NUMBER in case of performance issues)
::group::[32m✅ Linted [ACTION] files with [actionlint] successfully - (0.02s)[0m (expand for details)
- Using [actionlint v1.7.4] https://megalinter.io/8.3.0/descriptors/action_actionlint
- MegaLinter key: [ACTION_ACTIONLINT]
- Rules config: identified by [actionlint]
- Number of files analyzed: [2]
- Command: [actionlint .github/workflows/jekyll-gh-pages.yml .github/workflows/mega-linter.yml]
::endgroup::
::group::[32m✅ Linted [XML] files with [xmllint] successfully - (0.02s)[0m (expand for details)
- Using [xmllint v21207] https://megalinter.io/8.3.0/descriptors/xml_xmllint
- MegaLinter key: [XML_XMLLINT]
- Rules config: identified by [xmllint]
- Number of files analyzed: [1]
- Command: [xmllint --format megalinter-reports/IDE-config/.idea/externalDependencies.xml]
::endgroup::
::group::[32m✅ Linted [JSON] files with [jsonlint] successfully - (0.17s)[0m (expand for details)
- Using [jsonlint v16.0.0] https://megalinter.io/8.3.0/descriptors/json_jsonlint
- MegaLinter key: [JSON_JSONLINT]
- Rules config: identified by [jsonlint]
- Number of files analyzed: [12]
- Command: [jsonlint --quiet cspell.json megalinter-reports/IDE-config/.devskim.json megalinter-reports/IDE-config/.jscpd.json megalinter-reports/IDE-config/.markdown-link-check.json megalinter-reports/IDE-config/.markdownlint.json megalinter-reports/IDE-config/...(truncated)]
::endgroup::
::group::[32m✅ Linted [MARKDOWN] files with [markdownlint] successfully - (0.32s)[0m (expand for details)
- Using [markdownlint v0.43.0] https://megalinter.io/8.3.0/descriptors/markdown_markdownlint
- MegaLinter key: [MARKDOWN_MARKDOWNLINT]
- Rules config: [.markdownlint.json]
- Number of files analyzed: [2]
- Command: [markdownlint --fix -c /action/lib/.automation/.markdownlint.json README.md index.md]
::endgroup::
::group::[32m✅ Linted [COPYPASTE] files with [jscpd] successfully - (1.2s)[0m (expand for details)
- Using [jscpd v4.0.5] https://megalinter.io/8.3.0/descriptors/copypaste_jscpd
- MegaLinter key: [COPYPASTE_JSCPD]
- Rules config: [.jscpd.json]
- Command: [jscpd --gitignore --reporters console,html --exitCode 1 --output /github/workspace/megalinter-reports/copy-paste/ -c /action/lib/.automation/.jscpd.json .]
::endgroup::
::group::[32m✅ Linted [YAML] files with [prettier] successfully - (0.5s)[0m (expand for details)
- Using [prettier v3.3.3] https://megalinter.io/8.3.0/descriptors/yaml_prettier
- MegaLinter key: [YAML_PRETTIER]
- Rules config: identified by [prettier]
- Number of files analyzed: [10]
- Command: [prettier --write .github/workflows/jekyll-gh-pages.yml .github/workflows/mega-linter.yml _config.yml megalinter-reports/IDE-config/.checkov.yml megalinter-reports/IDE-config/.grype.yaml megalinter-reports/IDE-config/.yamllint.yml megalinter-reports/u...(truncated)]
::endgroup::
::group::[32m✅ Linted [YAML] files with [yamllint] successfully - (0.37s)[0m (expand for details)
- Using [yamllint v1.35.1] https://megalinter.io/8.3.0/descriptors/yaml_yamllint
- MegaLinter key: [YAML_YAMLLINT]
- Rules config: [.yamllint.yml]
- Number of files analyzed: [10]
- Command: [yamllint --format standard -c /action/lib/.automation/.yamllint.yml .github/workflows/jekyll-gh-pages.yml .github/workflows/mega-linter.yml _config.yml megalinter-reports/IDE-config/.checkov.yml megalinter-reports/IDE-config/.grype.yaml megalinter-re...(truncated)]
::endgroup::
::group::[32m✅ Linted [MARKDOWN] files with [markdown-link-check] successfully - (1.96s)[0m (expand for details)
- Using [markdown-link-check v3.12.2] https://megalinter.io/8.3.0/descriptors/markdown_markdown_link_check
- MegaLinter key: [MARKDOWN_MARKDOWN_LINK_CHECK]
- Rules config: [.markdown-link-check.json]
- Number of files analyzed: [2]
- Command: [markdown-link-check --quiet -c /action/lib/.automation/.markdown-link-check.json README.md index.md]
::endgroup::
::group::[32m✅ Linted [MARKDOWN] files with [markdown-table-formatter] successfully - (0.28s)[0m (expand for details)
- Using [markdown-table-formatter v1.6.1] https://megalinter.io/8.3.0/descriptors/markdown_markdown_table_formatter
- MegaLinter key: [MARKDOWN_MARKDOWN_TABLE_FORMATTER]
- Rules config: identified by [markdown-table-formatter]
- Number of files analyzed: [2]
- Command: [markdown-table-formatter README.md index.md]
::endgroup::
::group::[32m✅ Linted [SPELL] files with [cspell] successfully - (2.35s)[0m (expand for details)
- Using [cspell v8.16.0] https://megalinter.io/8.3.0/descriptors/spell_cspell
- MegaLinter key: [SPELL_CSPELL]
- Rules config: identified by [cspell]
- Number of files analyzed: [30]
- Command: [cspell --show-context --show-suggestions --no-must-find-files .github/CODEOWNERS .github/workflows/jekyll-gh-pages.yml .github/workflows/linters/trufflehog/exclude-paths.txt .github/workflows/mega-linter.yml .gitignore README.md _config.yml cspell.js...(truncated)]
::endgroup::
::group::[32m✅ Linted [SPELL] files with [lychee] successfully - (1.18s)[0m (expand for details)
- Using [lychee v0.17.0] https://megalinter.io/8.3.0/descriptors/spell_lychee
- MegaLinter key: [SPELL_LYCHEE]
- Rules config: identified by [lychee]
- Number of files analyzed: [26]
- Command: [lychee --format detailed --no-progress --exclude marketplace\.visualstudio\.com|search\.maven\.org .github/workflows/jekyll-gh-pages.yml .github/workflows/linters/trufflehog/exclude-paths.txt .github/workflows/mega-linter.yml README.md _config.yml cs...(truncated)]
::endgroup::
::group::[32m✅ Linted [JSON] files with [v8r] successfully - (6.62s)[0m (expand for details)
- Using [v8r v4.2.0] https://megalinter.io/8.3.0/descriptors/json_v8r
- MegaLinter key: [JSON_V8R]
- Rules config: identified by [v8r]
- Number of files analyzed: [12]
- Command: [v8r --ignore-errors cspell.json megalinter-reports/IDE-config/.devskim.json megalinter-reports/IDE-config/.jscpd.json megalinter-reports/IDE-config/.markdown-link-check.json megalinter-reports/IDE-config/.markdownlint.json megalinter-reports/IDE-conf...(truncated)]
::endgroup::
::group::[32m✅ Linted [JSON] files with [prettier] successfully - (0.38s)[0m (expand for details)
- Using [prettier v3.3.3] https://megalinter.io/8.3.0/descriptors/json_prettier
- MegaLinter key: [JSON_PRETTIER]
- Rules config: identified by [prettier]
- Number of files analyzed: [12]
- Command: [prettier --write cspell.json megalinter-reports/IDE-config/.devskim.json megalinter-reports/IDE-config/.jscpd.json megalinter-reports/IDE-config/.markdown-link-check.json megalinter-reports/IDE-config/.markdownlint.json megalinter-reports/IDE-config/...(truncated)]
::endgroup::
::group::[32m✅ Linted [YAML] files with [v8r] successfully - (6.76s)[0m (expand for details)
- Using [v8r v4.2.0] https://megalinter.io/8.3.0/descriptors/yaml_v8r
- MegaLinter key: [YAML_V8R]
- Rules config: identified by [v8r]
- Number of files analyzed: [10]
- Command: [v8r --ignore-errors .github/workflows/jekyll-gh-pages.yml .github/workflows/mega-linter.yml _config.yml megalinter-reports/IDE-config/.checkov.yml megalinter-reports/IDE-config/.grype.yaml megalinter-reports/IDE-config/.yamllint.yml megalinter-report...(truncated)]
::endgroup::
::group::[32m✅ Linted [REPOSITORY] files with [checkov] successfully - (11.0s)[0m (expand for details)
- Using [checkov v3.2.311] https://megalinter.io/8.3.0/descriptors/repository_checkov
- MegaLinter key: [REPOSITORY_CHECKOV]
- Rules config: [.checkov.yml]
- Command: [checkov --directory . --config-file /action/lib/.automation/.checkov.yml]
::endgroup::
::group::[32m✅ Linted [REPOSITORY] files with [devskim] successfully - (0.78s)[0m (expand for details)
- Using [devskim v1.0.44] https://megalinter.io/8.3.0/descriptors/repository_devskim
- MegaLinter key: [REPOSITORY_DEVSKIM]
- Rules config: [.devskim.json]
- Command: [devskim analyze --options-json /action/lib/.automation/.devskim.json --source-code . -E]
::endgroup::
::group::[32m✅ Linted [REPOSITORY] files with [dustilock] successfully - (0.0s)[0m (expand for details)
- Using [dustilock v1.2.0] https://megalinter.io/8.3.0/descriptors/repository_dustilock
- MegaLinter key: [REPOSITORY_DUSTILOCK]
- Rules config: identified by [dustilock]
- Command: [dustilock --recursive]
::endgroup::
::group::[32m✅ Linted [REPOSITORY] files with [git_diff] successfully - (0.01s)[0m (expand for details)
- Using [git_diff v2.45.2] https://megalinter.io/8.3.0/descriptors/repository_git_diff
- MegaLinter key: [REPOSITORY_GIT_DIFF]
- Rules config: identified by [git_diff]
- Command: [git diff --check --ignore-space-at-eol]
::endgroup::
::group::[32m✅ Linted [REPOSITORY] files with [gitleaks] successfully - (0.05s)[0m (expand for details)
- Using [gitleaks v8.21.2] https://megalinter.io/8.3.0/descriptors/repository_gitleaks
- MegaLinter key: [REPOSITORY_GITLEAKS]
- Rules config: [.gitleaks.toml]
- Command: [gitleaks detect --redact -c /action/lib/.automation/.gitleaks.toml --verbose --source .]
::endgroup::
::group::[32m✅ Linted [REPOSITORY] files with [grype] successfully - (9.94s)[0m (expand for details)
- Using [grype v0.79.5] https://megalinter.io/8.3.0/descriptors/repository_grype
- MegaLinter key: [REPOSITORY_GRYPE]
- Rules config: [.grype.yaml]
- Command: [grype --config /action/lib/.automation/.grype.yaml dir:.]
::endgroup::
::group::[32m✅ Linted [REPOSITORY] files with [kics] successfully - (1.82s)[0m (expand for details)
- Using [kics v2.1.3] https://megalinter.io/8.3.0/descriptors/repository_kics
- MegaLinter key: [REPOSITORY_KICS]
- Rules config: identified by [kics]
- Command: [kics scan --no-progress --path .]
::endgroup::
::group::[32m✅ Linted [REPOSITORY] files with [secretlint] successfully - (0.53s)[0m (expand for details)
- Using [secretlint v9.0.0] https://megalinter.io/8.3.0/descriptors/repository_secretlint
- MegaLinter key: [REPOSITORY_SECRETLINT]
- Rules config: [.secretlintrc.json]
- Command: [secretlint --secretlintrc /action/lib/.automation/.secretlintrc.json --secretlintignore .gitignore **/*]
::endgroup::
::group::[32m✅ Linted [REPOSITORY] files with [syft] successfully - (1.08s)[0m (expand for details)
- Using [syft v1.17.0] https://megalinter.io/8.3.0/descriptors/repository_syft
- MegaLinter key: [REPOSITORY_SYFT]
- Rules config: identified by [syft]
- Command: [syft scan .]
::endgroup::
::group::[32m✅ Linted [REPOSITORY] files with [trivy] successfully - (5.15s)[0m (expand for details)
- Using [trivy v0.57.1] https://megalinter.io/8.3.0/descriptors/repository_trivy
- MegaLinter key: [REPOSITORY_TRIVY]
- Rules config: identified by [trivy]
- Command: [trivy fs --scanners vuln,misconfig --exit-code 1 .]
::endgroup::
::group::[32m✅ Linted [REPOSITORY] files with [trivy-sbom] successfully - (0.07s)[0m (expand for details)
- Using [trivy-sbom v0.57.1] https://megalinter.io/8.3.0/descriptors/repository_trivy_sbom
- MegaLinter key: [REPOSITORY_TRIVY_SBOM]
- Rules config: identified by [trivy-sbom]
- Command: [trivy fs --format cyclonedx .]
::endgroup::
::group::[32m✅ Linted [REPOSITORY] files with [trufflehog] successfully - (1.42s)[0m (expand for details)
- Using [trufflehog v3.84.1] https://megalinter.io/8.3.0/descriptors/repository_trufflehog
- MegaLinter key: [REPOSITORY_TRUFFLEHOG]
- Rules config: identified by [trufflehog]
- Command: [trufflehog filesystem . --fail --only-verified --no-update --exclude-paths=./.github/workflows/linters/trufflehog/exclude-paths.txt]
::endgroup::
