----------------------------------------------------------------------------------------------------
------------------------------------ MegaLinter, by OX Security ------------------------------------
----------------------------------------------------------------------------------------------------
 - Image Creation Date: 2024-11-23T10:46:00Z
 - Image Revision: 1fc052d03c7a43c78fe0fee19c9d648b749e0c01
 - Image Version: v8.3.0
----------------------------------------------------------------------------------------------------
The MegaLinter documentation can be found at:
 - https://megalinter.io/8.3.0
----------------------------------------------------------------------------------------------------
::group::MegaLinter initialization (expand for details)
MegaLinter will analyze workspace [/github/workspace]
GITHUB_REPOSITORY: ShaneMcGovern/shanemcgovern.github.io
GITHUB_REF: refs/pull/1/merge
GITHUB_RUN_ID: 12819612493


[Activation] ANSIBLE_ANSIBLE_LINT has been set inactive, as none of these files has been found: ['.ansible-lint']
[Activation] EDITORCONFIG_EDITORCONFIG_CHECKER has been set inactive, as none of these files has been found: ['.editorconfig']
[Activation] JAVASCRIPT_ES has been set inactive, as none of these files has been found: ['.eslintrc.json', '.eslintrc.yml', '.eslintrc.yaml', '.eslintrc.js', '.eslintrc.cjs', 'package.json:eslintConfig']
[Activation] JSON_NPM_PACKAGE_JSON_LINT has been set inactive, as none of these files has been found: ['package.json']
[Activation] JSX_ESLINT has been set inactive, as none of these files has been found: ['eslint.config.js', 'eslint.config.mjs', 'eslint.config.cjs', '.eslintrc.json', '.eslintrc.yml', '.eslintrc.yaml', '.eslintrc.js', '.eslintrc.cjs', 'package.json:eslintConfig']
[Activation] KUBERNETES_KUBECONFORM has been set inactive, as subdirectory has not been found: kubernetes (set value "any" to always activate)
[Activation] KUBERNETES_HELM has been set inactive, as none of these files has been found: ['Chart.yml', 'Chart.yaml']
[Activation] KUBERNETES_KUBESCAPE has been set inactive, as none of these files has been found: ['Chart.yml', 'Chart.yaml']
[Activation] REPOSITORY_LS_LINT has been set inactive, as none of these files has been found: ['.ls-lint.yml']
[SemgrepLinter] Deactivated because no ruleset has been defined
[Activation] SALESFORCE_SFDX_SCANNER_APEX has been set inactive, as subdirectory has not been found: force-app (set value "any" to always activate)
[Activation] SALESFORCE_SFDX_SCANNER_AURA has been set inactive, as subdirectory has not been found: force-app (set value "any" to always activate)
[Activation] SALESFORCE_SFDX_SCANNER_LWC has been set inactive, as subdirectory has not been found: force-app (set value "any" to always activate)
[Activation] SALESFORCE_LIGHTNING_FLOW_SCANNER has been set inactive, as subdirectory has not been found: force-app (set value "any" to always activate)
[Activation] SPELL_PROSELINT has been set inactive, as none of these files has been found: ['.proselintrc', 'proselint/config.json']
[Activation] SPELL_VALE has been set inactive, as none of these files has been found: ['.vale.ini']
[Activation] SQL_SQLFLUFF has been set inactive, as none of these files has been found: ['.sqlfluff']
[Activation] SWIFT_SWIFTLINT has been set inactive, as none of these files has been found: ['.swiftlint.yml']
[Activation] TSX_ESLINT has been set inactive, as none of these files has been found: ['.eslintrc.json', '.eslintrc.yml', '.eslintrc.yaml', '.eslintrc.js', '.eslintrc.cjs', 'package.json:eslintConfig']
[Activation] TYPESCRIPT_ES has been set inactive, as none of these files has been found: ['.eslintrc.json', '.eslintrc.yml', '.eslintrc.yaml', '.eslintrc.js', '.eslintrc.cjs', 'package.json:eslintConfig']
CLOJURE_CLJSTYLE has been disabled in MegaLinter for the following reason: Bug on cljstyle on alpine linux: https://github.com/greglook/cljstyle/issues/104
JSON_ESLINT_PLUGIN_JSONC has been disabled in MegaLinter for the following reason: Bug in eslint-plugin-jsonc : https://github.com/ota-meshi/eslint-plugin-jsonc/issues/328
MAKEFILE_CHECKMAKE has been disabled in MegaLinter for the following reason: Security issues: https://github.com/mrtazz/checkmake/issues/99
MARKDOWN_REMARK_LINT has been disabled in MegaLinter for the following reason: Bug in remark-lint: https://github.com/remarkjs/remark-lint/issues/322
Skipped linters: ANSIBLE_ANSIBLE_LINT, CLOJURE_CLJSTYLE, EDITORCONFIG_EDITORCONFIG_CHECKER, JAVASCRIPT_ES, JAVASCRIPT_PRETTIER, JSON_ESLINT_PLUGIN_JSONC, JSON_NPM_PACKAGE_JSON_LINT, JSX_ESLINT, KUBERNETES_HELM, KUBERNETES_KUBECONFORM, KUBERNETES_KUBESCAPE, MAKEFILE_CHECKMAKE, MARKDOWN_REMARK_LINT, REPOSITORY_LS_LINT, REPOSITORY_SEMGREP, SALESFORCE_LIGHTNING_FLOW_SCANNER, SALESFORCE_SFDX_SCANNER_APEX, SALESFORCE_SFDX_SCANNER_AURA, SALESFORCE_SFDX_SCANNER_LWC, SPELL_PROSELINT, SPELL_VALE, SQL_SQLFLUFF, SWIFT_SWIFTLINT, TSX_ESLINT, TYPESCRIPT_ES, TYPESCRIPT_PRETTIER
[ApiReporter] Not enabled as API_REPORTER is not defined to true
To receive reports as email, please set variable EMAIL_REPORTER_EMAIL
::endgroup::
::group::MegaLinter now collects the files to analyse (expand for details)
Listing updated files in [/github/workspace] using git diff.
Modified files:
.github/CODEOWNERS
.github/workflows/jekyll-gh-pages.yml
.github/workflows/linters/trufflehog-exclude-paths.txt
.github/workflows/mega-linter.yml
.gitignore
README.md
_config.yml
cspell.json
index.md
- File extensions: , .R, .RMD, .Rmd, .bash, .bicep, .c, .c++, .cc, .cdxml, .clj, .cljc, .cljs, .coffee, .cpp, .cs, .csproj, .css, .cu, .cuh, .cxx, .dart, .dash, .edn, .env, .feature, .go, .gradle, .graphql, .groovy, .gvy, .h, .h++, .hcl, .hh, .hpp, .htm, .html, .hxx, .java, .js, .json, .json5, .jsonc, .ksh, .kt, .kts, .lua, .markdown, .md, .mdx, .nf, .p6, .php, .pl, .pl6, .pm, .pm6, .pp, .proto, .ps1, .ps1xml, .psd1, .psm1, .psrc, .pssc, .py, .r, .raku, .rakumod, .rakutest, .rb, .rs, .rst, .saas, .scala, .scss, .sh, .smk, .sql, .t, .tex, .tf, .ts, .txt, .vb, .xml, .xsd, .yaml, .yml
- File names (regex): Containerfile, Dockerfile, Jenkinsfile, Snakefile
- Excluding .gitignored files [0]: 
Kept [9] files on [9] found files

+----MATCHING LINTERS-------------------+------------------------------------------------------------------------+----------------+------------+
| Descriptor | Linter                   | Criteria                                                               | Matching files | Format/Fix |
+------------+--------------------------+------------------------------------------------------------------------+----------------+------------+
| ACTION     | actionlint               | .yml|.yaml                                                             | 2              | yes        |
| COPYPASTE  | jscpd                    |                                                                        | project        | yes        |
| JSON       | jsonlint                 | .json                                                                  | 1              | yes        |
| JSON       | v8r                      | .json                                                                  | 1              | yes        |
| JSON       | prettier                 | .json                                                                  | 1              | yes        |
| MARKDOWN   | markdownlint             | .md                                                                    | 2              | yes        |
| MARKDOWN   | markdown-link-check      | .md                                                                    | 2              | yes        |
| MARKDOWN   | markdown-table-formatter | .md                                                                    | 2              | yes        |
| REPOSITORY | checkov                  |                                                                        | project        | yes        |
| REPOSITORY | devskim                  |                                                                        | project        | yes        |
| REPOSITORY | dustilock                |                                                                        | project        | yes        |
| REPOSITORY | git_diff                 |                                                                        | project        | yes        |
| REPOSITORY | gitleaks                 |                                                                        | project        | yes        |
| REPOSITORY | grype                    |                                                                        | project        | yes        |
| REPOSITORY | kics                     |                                                                        | project        | yes        |
| REPOSITORY | secretlint               |                                                                        | project        | yes        |
| REPOSITORY | syft                     |                                                                        | project        | yes        |
| REPOSITORY | trivy                    |                                                                        | project        | yes        |
| REPOSITORY | trivy-sbom               |                                                                        | project        | yes        |
| REPOSITORY | trufflehog               |                                                                        | project        | yes        |
| SPELL      | cspell                   |                                                                        | 9              | yes        |
| SPELL      | lychee                   | .md|.mdx|.markdown|.html|.htm|.rst|.txt|.json|.jsonc|.json5|.yaml|.yml | 7              | yes        |
| YAML       | prettier                 | .yml|.yaml                                                             | 3              | yes        |
| YAML       | yamllint                 | .yml|.yaml                                                             | 3              | yes        |
| YAML       | v8r                      | .yml|.yaml                                                             | 3              | yes        |
+------------+--------------------------+------------------------------------------------------------------------+----------------+------------+
::endgroup::
Processing linters on [4] parallel cores… (can be decreased with variable PARALLEL_PROCESS_NUMBER in case of performance issues)
::group::[32m✅ Linted [ACTION] files with [actionlint] successfully - (0.02s)[0m (expand for details)
- Using [actionlint v1.7.4] https://megalinter.io/8.3.0/descriptors/action_actionlint
- MegaLinter key: [ACTION_ACTIONLINT]
- Rules config: identified by [actionlint]
- Number of files analyzed: [2]
- Command: [actionlint .github/workflows/jekyll-gh-pages.yml .github/workflows/mega-linter.yml]
::endgroup::
::group::[32m✅ Linted [JSON] files with [jsonlint] successfully - (0.17s)[0m (expand for details)
- Using [jsonlint v16.0.0] https://megalinter.io/8.3.0/descriptors/json_jsonlint
- MegaLinter key: [JSON_JSONLINT]
- Rules config: identified by [jsonlint]
- Number of files analyzed: [1]
- Command: [jsonlint --quiet cspell.json]
::endgroup::
::group::[32m✅ Linted [MARKDOWN] files with [markdownlint] successfully - (0.31s)[0m (expand for details)
- Using [markdownlint v0.43.0] https://megalinter.io/8.3.0/descriptors/markdown_markdownlint
- MegaLinter key: [MARKDOWN_MARKDOWNLINT]
- Rules config: [.markdownlint.json]
- Number of files analyzed: [2]
- Command: [markdownlint --fix -c /action/lib/.automation/.markdownlint.json README.md index.md]
::endgroup::
::group::[32m✅ Linted [COPYPASTE] files with [jscpd] successfully - (1.17s)[0m (expand for details)
- Using [jscpd v4.0.5] https://megalinter.io/8.3.0/descriptors/copypaste_jscpd
- MegaLinter key: [COPYPASTE_JSCPD]
- Rules config: [.jscpd.json]
- Command: [jscpd --gitignore --reporters console,html --exitCode 1 --output /github/workspace/megalinter-reports/copy-paste/ -c /action/lib/.automation/.jscpd.json .]
::endgroup::
::group::[32m✅ Linted [MARKDOWN] files with [markdown-link-check] successfully - (1.31s)[0m (expand for details)
- Using [markdown-link-check v3.12.2] https://megalinter.io/8.3.0/descriptors/markdown_markdown_link_check
- MegaLinter key: [MARKDOWN_MARKDOWN_LINK_CHECK]
- Rules config: [.markdown-link-check.json]
- Number of files analyzed: [2]
- Command: [markdown-link-check --quiet -c /action/lib/.automation/.markdown-link-check.json README.md index.md]
::endgroup::
::group::[32m✅ Linted [YAML] files with [prettier] successfully - (0.59s)[0m (expand for details)
- Using [prettier v3.3.3] https://megalinter.io/8.3.0/descriptors/yaml_prettier
- MegaLinter key: [YAML_PRETTIER]
- Rules config: identified by [prettier]
- Number of files analyzed: [3]
- Command: [prettier --write .github/workflows/jekyll-gh-pages.yml .github/workflows/mega-linter.yml _config.yml]
::endgroup::
::group::[32m✅ Linted [MARKDOWN] files with [markdown-table-formatter] successfully - (0.27s)[0m (expand for details)
- Using [markdown-table-formatter v1.6.1] https://megalinter.io/8.3.0/descriptors/markdown_markdown_table_formatter
- MegaLinter key: [MARKDOWN_MARKDOWN_TABLE_FORMATTER]
- Rules config: identified by [markdown-table-formatter]
- Number of files analyzed: [2]
- Command: [markdown-table-formatter README.md index.md]
::endgroup::
::group::[32m✅ Linted [YAML] files with [yamllint] successfully - (0.39s)[0m (expand for details)
- Using [yamllint v1.35.1] https://megalinter.io/8.3.0/descriptors/yaml_yamllint
- MegaLinter key: [YAML_YAMLLINT]
- Rules config: [.yamllint.yml]
- Number of files analyzed: [3]
- Command: [yamllint --format standard -c /action/lib/.automation/.yamllint.yml .github/workflows/jekyll-gh-pages.yml .github/workflows/mega-linter.yml _config.yml]
::endgroup::
::group::[32m✅ Linted [JSON] files with [v8r] successfully - (2.45s)[0m (expand for details)
- Using [v8r v4.2.0] https://megalinter.io/8.3.0/descriptors/json_v8r
- MegaLinter key: [JSON_V8R]
- Rules config: identified by [v8r]
- Number of files analyzed: [1]
- Command: [v8r --ignore-errors cspell.json]
::endgroup::
::group::[32m✅ Linted [SPELL] files with [cspell] successfully - (2.53s)[0m (expand for details)
- Using [cspell v8.16.0] https://megalinter.io/8.3.0/descriptors/spell_cspell
- MegaLinter key: [SPELL_CSPELL]
- Rules config: identified by [cspell]
- Number of files analyzed: [10]
- Command: [cspell --show-context --show-suggestions --no-must-find-files .github/CODEOWNERS .github/workflows/jekyll-gh-pages.yml .github/workflows/linters/trufflehog-exclude-paths.txt .github/workflows/mega-linter.yml .gitignore README.md _config.yml cspell.js...(truncated)]
::endgroup::
::group::[32m✅ Linted [JSON] files with [prettier] successfully - (0.39s)[0m (expand for details)
- Using [prettier v3.3.3] https://megalinter.io/8.3.0/descriptors/json_prettier
- MegaLinter key: [JSON_PRETTIER]
- Rules config: identified by [prettier]
- Number of files analyzed: [1]
- Command: [prettier --write cspell.json]
::endgroup::
::group::[32m✅ Linted [SPELL] files with [lychee] successfully - (0.3s)[0m (expand for details)
- Using [lychee v0.17.0] https://megalinter.io/8.3.0/descriptors/spell_lychee
- MegaLinter key: [SPELL_LYCHEE]
- Rules config: identified by [lychee]
- Number of files analyzed: [7]
- Command: [lychee --format detailed --no-progress .github/workflows/jekyll-gh-pages.yml .github/workflows/linters/trufflehog-exclude-paths.txt .github/workflows/mega-linter.yml README.md _config.yml cspell.json index.md]
::endgroup::
::group::[32m✅ Linted [YAML] files with [v8r] successfully - (3.35s)[0m (expand for details)
- Using [v8r v4.2.0] https://megalinter.io/8.3.0/descriptors/yaml_v8r
- MegaLinter key: [YAML_V8R]
- Rules config: identified by [v8r]
- Number of files analyzed: [3]
- Command: [v8r --ignore-errors .github/workflows/jekyll-gh-pages.yml .github/workflows/mega-linter.yml _config.yml]
::endgroup::
::group::[32m✅ Linted [REPOSITORY] files with [checkov] successfully - (9.17s)[0m (expand for details)
- Using [checkov v3.2.311] https://megalinter.io/8.3.0/descriptors/repository_checkov
- MegaLinter key: [REPOSITORY_CHECKOV]
- Rules config: [.checkov.yml]
- Command: [checkov --directory . --config-file /action/lib/.automation/.checkov.yml]
::endgroup::
::group::[32m✅ Linted [REPOSITORY] files with [devskim] successfully - (0.77s)[0m (expand for details)
- Using [devskim v1.0.44] https://megalinter.io/8.3.0/descriptors/repository_devskim
- MegaLinter key: [REPOSITORY_DEVSKIM]
- Rules config: [.devskim.json]
- Command: [devskim analyze --options-json /action/lib/.automation/.devskim.json --source-code . -E]
::endgroup::
::group::[32m✅ Linted [REPOSITORY] files with [dustilock] successfully - (0.0s)[0m (expand for details)
- Using [dustilock v1.2.0] https://megalinter.io/8.3.0/descriptors/repository_dustilock
- MegaLinter key: [REPOSITORY_DUSTILOCK]
- Rules config: identified by [dustilock]
- Command: [dustilock --recursive]
::endgroup::
::group::[32m✅ Linted [REPOSITORY] files with [git_diff] successfully - (0.0s)[0m (expand for details)
- Using [git_diff v2.45.2] https://megalinter.io/8.3.0/descriptors/repository_git_diff
- MegaLinter key: [REPOSITORY_GIT_DIFF]
- Rules config: identified by [git_diff]
- Command: [git diff --check]
::endgroup::
::group::[32m✅ Linted [REPOSITORY] files with [gitleaks] successfully - (0.04s)[0m (expand for details)
- Using [gitleaks v8.21.2] https://megalinter.io/8.3.0/descriptors/repository_gitleaks
- MegaLinter key: [REPOSITORY_GITLEAKS]
- Rules config: [.gitleaks.toml]
- Command: [gitleaks detect --redact -c /action/lib/.automation/.gitleaks.toml --verbose --source .]
::endgroup::
::group::[32m✅ Linted [REPOSITORY] files with [grype] successfully - (9.68s)[0m (expand for details)
- Using [grype v0.79.5] https://megalinter.io/8.3.0/descriptors/repository_grype
- MegaLinter key: [REPOSITORY_GRYPE]
- Rules config: [.grype.yaml]
- Command: [grype --config /action/lib/.automation/.grype.yaml dir:.]
::endgroup::
::group::[32m✅ Linted [REPOSITORY] files with [kics] successfully - (1.47s)[0m (expand for details)
- Using [kics v2.1.3] https://megalinter.io/8.3.0/descriptors/repository_kics
- MegaLinter key: [REPOSITORY_KICS]
- Rules config: identified by [kics]
- Command: [kics scan --no-progress --path .]
::endgroup::
::group::[32m✅ Linted [REPOSITORY] files with [secretlint] successfully - (0.5s)[0m (expand for details)
- Using [secretlint v9.0.0] https://megalinter.io/8.3.0/descriptors/repository_secretlint
- MegaLinter key: [REPOSITORY_SECRETLINT]
- Rules config: [.secretlintrc.json]
- Command: [secretlint --secretlintrc /action/lib/.automation/.secretlintrc.json --secretlintignore .gitignore **/*]
::endgroup::
::group::[32m✅ Linted [REPOSITORY] files with [syft] successfully - (1.09s)[0m (expand for details)
- Using [syft v1.17.0] https://megalinter.io/8.3.0/descriptors/repository_syft
- MegaLinter key: [REPOSITORY_SYFT]
- Rules config: identified by [syft]
- Command: [syft scan .]
::endgroup::
::group::[32m✅ Linted [REPOSITORY] files with [trivy] successfully - (3.56s)[0m (expand for details)
- Using [trivy v0.57.1] https://megalinter.io/8.3.0/descriptors/repository_trivy
- MegaLinter key: [REPOSITORY_TRIVY]
- Rules config: identified by [trivy]
- Command: [trivy fs --scanners vuln,misconfig --exit-code 1 .]
::endgroup::
::group::[32m✅ Linted [REPOSITORY] files with [trivy-sbom] successfully - (0.06s)[0m (expand for details)
- Using [trivy-sbom v0.57.1] https://megalinter.io/8.3.0/descriptors/repository_trivy_sbom
- MegaLinter key: [REPOSITORY_TRIVY_SBOM]
- Rules config: identified by [trivy-sbom]
- Command: [trivy fs --format cyclonedx .]
::endgroup::
::group::[32m✅ Linted [REPOSITORY] files with [trufflehog] successfully - (1.42s)[0m (expand for details)
- Using [trufflehog v3.84.1] https://megalinter.io/8.3.0/descriptors/repository_trufflehog
- MegaLinter key: [REPOSITORY_TRUFFLEHOG]
- Rules config: identified by [trufflehog]
- Command: [trufflehog filesystem . --fail --only-verified --no-update --exclude-paths=./.github/workflows/linters/trufflehog-exclude-paths.txt]
::endgroup::
[Updated Sources Reporter] copied 3 fixed source files in folder /github/workspace/megalinter-reports/updated_sources.
[GitHub Comment Reporter] Posted summary as comment on ShaneMcGovern/shanemcgovern.github.io #PR1

+----SUMMARY----+--------------------------+---------------+-------+-------+--------+--------------+
| Descriptor    | Linter                   | Mode          | Files | Fixed | Errors | Elapsed time |
+---------------+--------------------------+---------------+-------+-------+--------+--------------+
| ✅ ACTION     | actionlint               | list_of_files |     2 |       |      0 |        0.02s |
| ✅ COPYPASTE  | jscpd                    | project       |   n/a |       |      0 |        1.17s |
| ✅ JSON       | jsonlint                 | list_of_files |     1 |       |      0 |        0.17s |
| ✅ JSON       | prettier                 | list_of_files |     1 |     1 |      0 |        0.39s |
| ✅ JSON       | v8r                      | list_of_files |     1 |       |      0 |        2.45s |
| ✅ MARKDOWN   | markdownlint             | list_of_files |     2 |     0 |      0 |        0.31s |
| ✅ MARKDOWN   | markdown-link-check      | list_of_files |     2 |       |      0 |        1.31s |
| ✅ MARKDOWN   | markdown-table-formatter | list_of_files |     2 |     0 |      0 |        0.27s |
| ✅ REPOSITORY | checkov                  | project       |   n/a |       |      0 |        9.17s |
| ✅ REPOSITORY | devskim                  | project       |   n/a |       |      0 |        0.77s |
| ✅ REPOSITORY | dustilock                | project       |   n/a |       |      0 |         0.0s |
| ✅ REPOSITORY | gitleaks                 | project       |   n/a |       |      0 |        0.04s |
| ✅ REPOSITORY | git_diff                 | project       |   n/a |       |      0 |         0.0s |
| ✅ REPOSITORY | grype                    | project       |   n/a |       |      0 |        9.68s |
| ✅ REPOSITORY | kics                     | project       |   n/a |       |      0 |        1.47s |
| ✅ REPOSITORY | secretlint               | project       |   n/a |       |      0 |         0.5s |
| ✅ REPOSITORY | syft                     | project       |   n/a |       |      0 |        1.09s |
| ✅ REPOSITORY | trivy                    | project       |   n/a |       |      0 |        3.56s |
| ✅ REPOSITORY | trivy-sbom               | project       |   n/a |       |      0 |        0.06s |
| ✅ REPOSITORY | trufflehog               | project       |   n/a |       |      0 |        1.42s |
| ✅ SPELL      | cspell                   | list_of_files |    10 |       |      0 |        2.53s |
| ✅ SPELL      | lychee                   | list_of_files |     7 |       |      0 |         0.3s |
| ✅ YAML       | prettier                 | list_of_files |     3 |     2 |      0 |        0.59s |
| ✅ YAML       | v8r                      | list_of_files |     3 |       |      0 |        3.35s |
| ✅ YAML       | yamllint                 | list_of_files |     3 |       |      0 |        0.39s |
+---------------+--------------------------+---------------+-------+-------+--------+--------------+

[32m✅ Successfully linted all files without errors[0m
